
[ERROR] : Error detected : Incorrect email or password. [17/01/2022 08:59:40]
[ERROR] : Error detected : Incorrect email or password. [17/01/2022 09:05:36]
[ERROR] : Error detected : Incorrect email or password. [17/01/2022 09:07:50]
[LOG_IN] : Logged into account: joseju@gmail.com [17/01/2022 09:34:34]
[LOG_OUT] : Logged out of account: joseju@gmail.com [17/01/2022 09:34:44]
[LOG_IN] : Logged into account: correoejemplo@gmail.com [17/01/2022 09:35:12]
[BALANCE] : Balance checked in account correoejemplo@gmail.com : Current balance -> 12345.0 [17/01/2022 09:35:16]
[WITHDRAW] : Withdraw operation in account correoejemplo@gmail.com : Withdrawed 69.69 € [17/01/2022 09:35:32]
[BALANCE] : Balance checked in account correoejemplo@gmail.com : Current balance -> 12275.31 [17/01/2022 09:35:37]
[DEPOSIT] : Deposit operation in account correoejemplo@gmail.com : Added 1.0E9 € [17/01/2022 09:35:55]
[BALANCE] : Balance checked in account correoejemplo@gmail.com : Current balance -> 1.00001227531E9 [17/01/2022 09:36:01]
[ERROR] : Error detected : Insufficient balance. [17/01/2022 09:36:20]
[ERROR] : Error detected : Insufficient balance. [17/01/2022 09:36:29]
[LOG_OUT] : Logged out of account: correoejemplo@gmail.com [17/01/2022 09:36:43]
[LOG_IN] : Account created: loli@loli.com [17/01/2022 10:47:43]
[ERROR] : Error detected : This email already exists: loli@loli.com [17/01/2022 10:50:05]
[ERROR] : Error detected : Incorrect email or password. [17/01/2022 10:50:59]
[LOG_IN] : Account created: awa@awa.awa [17/01/2022 10:51:45]
[ERROR] : Error detected : Incorrect email or password. [17/01/2022 10:52:00]
[ERROR] : Error detected : Incorrect email or password. [17/01/2022 10:52:16]
[LOG_IN] : Logged into account: awa@awa.awa [17/01/2022 10:52:27]
[BALANCE] : Balance checked in account awa@awa.awa : Current balance -> 16959.696088237197 [17/01/2022 10:52:39]
[WITHDRAW] : Withdraw operation in account awa@awa.awa : Withdrawed 120.0 € [17/01/2022 10:52:57]
[LOG_IN] : Logged into account: awa@awa.awa [17/01/2022 11:03:28]
[WITHDRAW] : Withdraw operation in account awa@awa.awa : Withdrawed 1.0 € [17/01/2022 11:04:09]
[DEPOSIT] : Deposit operation in account awa@awa.awa : Added 12345.0 € [17/01/2022 11:04:16]
[DEPOSIT] : Deposit operation in account awa@awa.awa : Added 1234.0 € [17/01/2022 11:04:26]
[LOG_OUT] : Logged out of account: awa@awa.awa [17/01/2022 11:04:28]
[LOG_IN] : Logged into account: awa@awa.awa [17/01/2022 11:35:02]
[WITHDRAW] : Withdraw operation in account awa@awa.awa : Withdrawed 1.0 € [17/01/2022 11:35:12]
[BALANCE] : Balance checked in account awa@awa.awa : Current balance -> 16958.696088237197 [17/01/2022 11:35:17]
[LOG_OUT] : Logged out of account: awa@awa.awa [17/01/2022 11:35:50]
[LOG_IN] : Logged into account: awa@awa.awa [17/01/2022 11:43:15]
[LOG_IN] : Logged into account: awa@awa.awa [17/01/2022 11:44:51]
[LOG_IN] : Logged into account: awa@awa.awa [17/01/2022 11:45:51]
[LOG_IN] : Logged into account: awa@awa.awa [17/01/2022 11:50:17]
[LOG_IN] : Logged into account: awa@awa.awa [17/01/2022 11:54:20]
[WITHDRAW] : Withdraw operation in account awa@awa.awa : Withdrawed 6959.0 € [17/01/2022 11:54:25]
[BALANCE] : Balance checked in account awa@awa.awa : Current balance -> 10000.696088237197 [17/01/2022 11:54:48]
[DEPOSIT] : Deposit operation in account awa@awa.awa : Added 1707.0 € [17/01/2022 11:55:04]
[LOG_OUT] : Logged out of account: awa@awa.awa [17/01/2022 11:55:43]